<?xml version="1.0" encoding="UTF-8"?>
<testng-results ignored="0" total="1" passed="1" failed="0" skipped="0">
  <reporter-output>
  </reporter-output>
  <suite started-at="2024-09-06T01:26:34 PET" name="Surefire suite" finished-at="2024-09-06T01:26:36 PET" duration-ms="1498">
    <groups>
    </groups>
    <test started-at="2024-09-06T01:26:34 PET" name="Surefire test" finished-at="2024-09-06T01:26:36 PET" duration-ms="1498">
      <class name="Smartwyre.GetSingleUserTest">
        <test-method signature="getSingleUserTest()[pri:0, instance:Smartwyre.GetSingleUserTest@ed7f8b4]" started-at="2024-09-06T01:26:34 PET" name="getSingleUserTest" finished-at="2024-09-06T01:26:36 PET" duration-ms="1482" status="PASS">
          <reporter-output>
          </reporter-output>
        </test-method> <!-- getSingleUserTest -->
      </class> <!-- Smartwyre.GetSingleUserTest -->
    </test> <!-- Surefire test -->
  </suite> <!-- Surefire suite -->
</testng-results>
